#-----------------------------------------------------------
# Webtalk v2019.1 (64-bit)
# SW Build 2552052 on Fri May 24 14:47:09 MDT 2019
# 
# Start of session at: Fri Sep  6 15:11:32 2019
# Process ID: 3873
# Current directory: /home/user/project_4/project_4.sdk/webtalk
# Command line: wbtcv -mode batch -source sdk_webtalk.tcl
# Log file: /home/user/project_4/project_4.sdk/webtalk/webtalk.log
# Journal file: /home/user/project_4/project_4.sdk/webtalk/webtalk.jou
#-----------------------------------------------------------
source sdk_webtalk.tcl
# webtalk_init -webtalk_dir /home/user/project_4/project_4.sdk/webtalk
# webtalk_register_client -client project
# webtalk_add_data -client project -key date_generated -value "2019-09-06 15:11:31" -context "software_version_and_target_device"
# webtalk_add_data -client project -key product_version -value "SDK v2019.1" -context "software_version_and_target_device"
# webtalk_add_data -client project -key build_version -value "2019.1" -context "software_version_and_target_device"
# webtalk_add_data -client project -key os_platform -value "amd64" -context "software_version_and_target_device"
# webtalk_add_data -client project -key registration_id -value "" -context "software_version_and_target_device"
# webtalk_add_data -client project -key tool_flow -value "SDK" -context "software_version_and_target_device"
# webtalk_add_data -client project -key beta -value "false" -context "software_version_and_target_device"
# webtalk_add_data -client project -key route_design -value "NA" -context "software_version_and_target_device"
# webtalk_add_data -client project -key target_family -value "NA" -context "software_version_and_target_device"
# webtalk_add_data -client project -key target_device -value "NA" -context "software_version_and_target_device"
# webtalk_add_data -client project -key target_package -value "NA" -context "software_version_and_target_device"
# webtalk_add_data -client project -key target_speed -value "NA" -context "software_version_and_target_device"
# webtalk_add_data -client project -key random_id -value "tjr7rmptf64c1bn6j93oshqj2r" -context "software_version_and_target_device"
# webtalk_add_data -client project -key project_id -value "2019.1_9" -context "software_version_and_target_device"
# webtalk_add_data -client project -key project_iteration -value "9" -context "software_version_and_target_device"
# webtalk_add_data -client project -key os_name -value "Ubuntu" -context "user_environment"
# webtalk_add_data -client project -key os_release -value "Ubuntu 18.04.2 LTS" -context "user_environment"
# webtalk_add_data -client project -key cpu_name -value "Intel(R) Core(TM) i5-7400 CPU @ 3.00GHz" -context "user_environment"
# webtalk_add_data -client project -key cpu_speed -value "3387.766 MHz" -context "user_environment"
# webtalk_add_data -client project -key total_processors -value "1" -context "user_environment"
# webtalk_add_data -client project -key system_ram -value "16.686 GB" -context "user_environment"
# webtalk_register_client -client sdk
# webtalk_add_data -client sdk -key uid -value "1567792510000" -context "sdk\\\\hardware/1567792510000"
# webtalk_add_data -client sdk -key isZynq -value "true" -context "sdk\\\\hardware/1567792510000"
# webtalk_add_data -client sdk -key isZynqMP -value "false" -context "sdk\\\\hardware/1567792510000"
# webtalk_add_data -client sdk -key Processors -value "2" -context "sdk\\\\hardware/1567792510000"
# webtalk_add_data -client sdk -key VivadoVersion -value "2019.1" -context "sdk\\\\hardware/1567792510000"
# webtalk_add_data -client sdk -key Arch -value "zynq" -context "sdk\\\\hardware/1567792510000"
# webtalk_add_data -client sdk -key Device -value "7z020" -context "sdk\\\\hardware/1567792510000"
# webtalk_add_data -client sdk -key IsHandoff -value "true" -context "sdk\\\\hardware/1567792510000"
# webtalk_add_data -client sdk -key os -value "NA" -context "sdk\\\\hardware/1567792510000"
# webtalk_add_data -client sdk -key apptemplate -value "NA" -context "sdk\\\\hardware/1567792510000"
# webtalk_add_data -client sdk -key RecordType -value "HWCreation" -context "sdk\\\\hardware/1567792510000"
# webtalk_add_data -client sdk -key uid -value "1567792520000" -context "sdk\\\\bsp/1567792520000"
# webtalk_add_data -client sdk -key hwid -value "1567792510000" -context "sdk\\\\bsp/1567792520000"
# webtalk_add_data -client sdk -key os -value "standalone" -context "sdk\\\\bsp/1567792520000"
# webtalk_add_data -client sdk -key apptemplate -value "hello_world" -context "sdk\\\\bsp/1567792520000"
# webtalk_add_data -client sdk -key RecordType -value "BSPCreation" -context "sdk\\\\bsp/1567792520000"
# webtalk_add_data -client sdk -key uid -value "1567792521000" -context "sdk\\\\application/1567792521000"
# webtalk_add_data -client sdk -key hwid -value "1567792510000" -context "sdk\\\\application/1567792521000"
# webtalk_add_data -client sdk -key bspid -value "1567792520000" -context "sdk\\\\application/1567792521000"
# webtalk_add_data -client sdk -key newbsp -value "true" -context "sdk\\\\application/1567792521000"
# webtalk_add_data -client sdk -key os -value "standalone" -context "sdk\\\\application/1567792521000"
# webtalk_add_data -client sdk -key apptemplate -value "hello_world" -context "sdk\\\\application/1567792521000"
# webtalk_add_data -client sdk -key RecordType -value "APPCreation" -context "sdk\\\\application/1567792521000"
# webtalk_add_data -client sdk -key LangUsed -value "C" -context "sdk\\\\application/1567792521000"
# webtalk_add_data -client sdk -key Procused -value "ps7_cortexa9" -context "sdk\\\\application/1567792521000"
# webtalk_add_data -client sdk -key projSize -value "632.63671875" -context "sdk\\\\application/1567792521000"
# webtalk_add_data -client sdk -key uid -value "NA" -context "sdk\\\\bsp/1567793491098"
# webtalk_add_data -client sdk -key RecordType -value "ToolUsage" -context "sdk\\\\bsp/1567793491098"
# webtalk_add_data -client sdk -key BootgenCount -value "0" -context "sdk\\\\bsp/1567793491098"
# webtalk_add_data -client sdk -key DebugCount -value "8" -context "sdk\\\\bsp/1567793491098"
# webtalk_add_data -client sdk -key PerfCount -value "0" -context "sdk\\\\bsp/1567793491098"
# webtalk_add_data -client sdk -key FlashCount -value "0" -context "sdk\\\\bsp/1567793491098"
# webtalk_add_data -client sdk -key CrossTriggCount -value "0" -context "sdk\\\\bsp/1567793491098"
# webtalk_add_data -client sdk -key QemuDebugCount -value "0" -context "sdk\\\\bsp/1567793491098"
# webtalk_transmit -clientid 3416524282 -regid "" -xml /home/user/project_4/project_4.sdk/webtalk/usage_statistics_ext_sdk.xml -html /home/user/project_4/project_4.sdk/webtalk/usage_statistics_ext_sdk.html -wdm /home/user/project_4/project_4.sdk/webtalk/sdk_webtalk.wdm -intro "<H3>SDK Usage Report</H3><BR>"
INFO: [Common 17-186] '/home/user/project_4/project_4.sdk/webtalk/usage_statistics_ext_sdk.xml' has been successfully sent to Xilinx on Fri Sep  6 15:11:36 2019. For additional details about this file, please refer to the WebTalk help file at /opt/Xilinx/SDK/2019.1/doc/webtalk_introduction.html.
# webtalk_terminate
INFO: [Common 17-206] Exiting Webtalk at Fri Sep  6 15:11:36 2019...
